2021-02-07 12:55:59,942 CRIT Supervisor is running as root.  Privileges were not dropped because no user is specified in the config file.  If you intend to run as root, you can set user=root in the config file to avoid this message.
2021-02-07 12:55:59,946 INFO supervisord started with pid 1
2021-02-07 12:56:00,950 INFO spawned: 'laravel-worker_00' with pid 9
2021-02-07 12:56:00,953 INFO spawned: 'laravel-worker_01' with pid 10
2021-02-07 12:56:00,956 INFO spawned: 'laravel-worker_02' with pid 11
2021-02-07 12:56:00,959 INFO spawned: 'laravel-worker_03' with pid 12
2021-02-07 12:56:00,963 INFO spawned: 'laravel-worker_04' with pid 13
2021-02-07 12:56:00,979 INFO exited: laravel-worker_00 (exit status 1; not expected)
2021-02-07 12:56:00,982 INFO exited: laravel-worker_01 (exit status 1; not expected)
2021-02-07 12:56:00,983 INFO exited: laravel-worker_02 (exit status 1; not expected)
2021-02-07 12:56:00,987 INFO exited: laravel-worker_04 (exit status 1; not expected)
2021-02-07 12:56:00,994 INFO exited: laravel-worker_03 (exit status 1; not expected)
2021-02-07 12:56:01,996 INFO spawned: 'laravel-worker_00' with pid 14
2021-02-07 12:56:01,998 INFO spawned: 'laravel-worker_01' with pid 15
2021-02-07 12:56:01,999 INFO spawned: 'laravel-worker_02' with pid 16
2021-02-07 12:56:02,000 INFO spawned: 'laravel-worker_03' with pid 17
2021-02-07 12:56:02,001 INFO spawned: 'laravel-worker_04' with pid 18
2021-02-07 12:56:02,012 INFO exited: laravel-worker_00 (exit status 1; not expected)
2021-02-07 12:56:02,013 INFO exited: laravel-worker_01 (exit status 1; not expected)
2021-02-07 12:56:02,015 INFO exited: laravel-worker_02 (exit status 1; not expected)
2021-02-07 12:56:02,016 INFO exited: laravel-worker_03 (exit status 1; not expected)
2021-02-07 12:56:02,018 INFO exited: laravel-worker_04 (exit status 1; not expected)
2021-02-07 12:56:04,023 INFO spawned: 'laravel-worker_00' with pid 19
2021-02-07 12:56:04,028 INFO spawned: 'laravel-worker_01' with pid 20
2021-02-07 12:56:04,032 INFO spawned: 'laravel-worker_02' with pid 21
2021-02-07 12:56:04,034 INFO spawned: 'laravel-worker_03' with pid 22
2021-02-07 12:56:04,038 INFO spawned: 'laravel-worker_04' with pid 23
2021-02-07 12:56:04,056 INFO exited: laravel-worker_00 (exit status 1; not expected)
2021-02-07 12:56:04,056 INFO exited: laravel-worker_01 (exit status 1; not expected)
2021-02-07 12:56:04,058 INFO exited: laravel-worker_02 (exit status 1; not expected)
2021-02-07 12:56:04,058 INFO exited: laravel-worker_03 (exit status 1; not expected)
2021-02-07 12:56:04,060 INFO exited: laravel-worker_04 (exit status 1; not expected)
2021-02-07 12:56:07,065 INFO spawned: 'laravel-worker_00' with pid 24
2021-02-07 12:56:07,068 INFO spawned: 'laravel-worker_01' with pid 25
2021-02-07 12:56:07,071 INFO spawned: 'laravel-worker_02' with pid 26
2021-02-07 12:56:07,073 INFO spawned: 'laravel-worker_03' with pid 27
2021-02-07 12:56:07,076 INFO spawned: 'laravel-worker_04' with pid 28
2021-02-07 12:56:07,092 INFO exited: laravel-worker_00 (exit status 1; not expected)
2021-02-07 12:56:07,093 INFO gave up: laravel-worker_00 entered FATAL state, too many start retries too quickly
2021-02-07 12:56:07,094 INFO exited: laravel-worker_01 (exit status 1; not expected)
2021-02-07 12:56:07,094 INFO exited: laravel-worker_02 (exit status 1; not expected)
2021-02-07 12:56:07,096 INFO gave up: laravel-worker_01 entered FATAL state, too many start retries too quickly
2021-02-07 12:56:07,096 INFO gave up: laravel-worker_02 entered FATAL state, too many start retries too quickly
2021-02-07 12:56:07,097 INFO exited: laravel-worker_03 (exit status 1; not expected)
2021-02-07 12:56:07,098 INFO exited: laravel-worker_04 (exit status 1; not expected)
2021-02-07 12:56:08,099 INFO gave up: laravel-worker_03 entered FATAL state, too many start retries too quickly
2021-02-07 12:56:08,100 INFO gave up: laravel-worker_04 entered FATAL state, too many start retries too quickly
2021-02-07 12:56:08,669 WARN received SIGTERM indicating exit request
2021-02-07 12:56:26,609 CRIT Supervisor is running as root.  Privileges were not dropped because no user is specified in the config file.  If you intend to run as root, you can set user=root in the config file to avoid this message.
2021-02-07 12:56:26,613 INFO supervisord started with pid 1
2021-02-07 12:56:27,615 INFO spawned: 'laravel-worker_00' with pid 9
2021-02-07 12:56:27,632 INFO exited: laravel-worker_00 (exit status 1; not expected)
2021-02-07 12:56:28,634 INFO spawned: 'laravel-worker_00' with pid 10
2021-02-07 12:56:28,649 INFO exited: laravel-worker_00 (exit status 1; not expected)
2021-02-07 12:56:30,655 INFO spawned: 'laravel-worker_00' with pid 11
2021-02-07 12:56:30,685 INFO exited: laravel-worker_00 (exit status 1; not expected)
2021-02-07 12:56:33,690 INFO spawned: 'laravel-worker_00' with pid 12
2021-02-07 12:56:33,706 INFO exited: laravel-worker_00 (exit status 1; not expected)
2021-02-07 12:56:34,707 INFO gave up: laravel-worker_00 entered FATAL state, too many start retries too quickly
2021-02-07 12:56:41,318 WARN received SIGTERM indicating exit request
2021-02-07 12:56:50,396 CRIT Supervisor is running as root.  Privileges were not dropped because no user is specified in the config file.  If you intend to run as root, you can set user=root in the config file to avoid this message.
2021-02-07 12:56:50,400 INFO supervisord started with pid 1
2021-02-07 12:56:51,402 INFO spawned: 'laravel-worker_00' with pid 9
2021-02-07 12:56:51,417 INFO exited: laravel-worker_00 (exit status 1; not expected)
2021-02-07 12:56:52,421 INFO spawned: 'laravel-worker_00' with pid 10
2021-02-07 12:56:52,455 INFO exited: laravel-worker_00 (exit status 1; not expected)
2021-02-07 12:56:54,460 INFO spawned: 'laravel-worker_00' with pid 11
2021-02-07 12:56:54,489 INFO exited: laravel-worker_00 (exit status 1; not expected)
2021-02-07 12:56:57,494 INFO spawned: 'laravel-worker_00' with pid 12
2021-02-07 12:56:57,509 INFO exited: laravel-worker_00 (exit status 1; not expected)
2021-02-07 12:56:58,511 INFO gave up: laravel-worker_00 entered FATAL state, too many start retries too quickly
2021-02-07 12:57:09,127 WARN received SIGTERM indicating exit request
2021-02-07 12:57:12,509 CRIT Supervisor is running as root.  Privileges were not dropped because no user is specified in the config file.  If you intend to run as root, you can set user=root in the config file to avoid this message.
2021-02-07 12:57:12,513 INFO supervisord started with pid 1
2021-02-07 12:57:13,514 INFO spawned: 'laravel-worker_00' with pid 10
2021-02-07 12:57:13,530 INFO exited: laravel-worker_00 (exit status 1; not expected)
2021-02-07 12:57:14,532 INFO spawned: 'laravel-worker_00' with pid 11
2021-02-07 12:57:14,546 INFO exited: laravel-worker_00 (exit status 1; not expected)
2021-02-07 12:57:16,552 INFO spawned: 'laravel-worker_00' with pid 12
2021-02-07 12:57:16,581 INFO exited: laravel-worker_00 (exit status 1; not expected)
2021-02-07 12:57:19,587 INFO spawned: 'laravel-worker_00' with pid 13
2021-02-07 12:57:19,620 INFO exited: laravel-worker_00 (exit status 1; not expected)
2021-02-07 12:57:20,622 INFO gave up: laravel-worker_00 entered FATAL state, too many start retries too quickly
2021-02-07 12:57:32,471 WARN received SIGTERM indicating exit request
2021-02-07 12:57:36,743 CRIT Supervisor is running as root.  Privileges were not dropped because no user is specified in the config file.  If you intend to run as root, you can set user=root in the config file to avoid this message.
2021-02-07 12:57:36,748 INFO supervisord started with pid 1
2021-02-07 12:57:37,750 INFO spawned: 'laravel-worker_00' with pid 10
2021-02-07 12:57:37,751 INFO spawned: 'laravel-worker_01' with pid 11
2021-02-07 12:57:37,752 INFO spawned: 'laravel-worker_02' with pid 12
2021-02-07 12:57:37,754 INFO spawned: 'laravel-worker_03' with pid 13
2021-02-07 12:57:37,755 INFO spawned: 'laravel-worker_04' with pid 14
2021-02-07 12:57:37,767 INFO exited: laravel-worker_00 (exit status 1; not expected)
2021-02-07 12:57:37,768 INFO exited: laravel-worker_02 (exit status 1; not expected)
2021-02-07 12:57:37,769 INFO exited: laravel-worker_01 (exit status 1; not expected)
2021-02-07 12:57:37,770 INFO exited: laravel-worker_03 (exit status 1; not expected)
2021-02-07 12:57:37,771 INFO exited: laravel-worker_04 (exit status 1; not expected)
2021-02-07 12:57:38,773 INFO spawned: 'laravel-worker_00' with pid 15
2021-02-07 12:57:38,774 INFO spawned: 'laravel-worker_01' with pid 16
2021-02-07 12:57:38,775 INFO spawned: 'laravel-worker_02' with pid 17
2021-02-07 12:57:38,776 INFO spawned: 'laravel-worker_03' with pid 18
2021-02-07 12:57:38,778 INFO spawned: 'laravel-worker_04' with pid 19
2021-02-07 12:57:38,788 INFO exited: laravel-worker_00 (exit status 1; not expected)
2021-02-07 12:57:38,790 INFO exited: laravel-worker_02 (exit status 1; not expected)
2021-02-07 12:57:38,791 INFO exited: laravel-worker_01 (exit status 1; not expected)
2021-02-07 12:57:38,792 INFO exited: laravel-worker_03 (exit status 1; not expected)
2021-02-07 12:57:38,794 INFO exited: laravel-worker_04 (exit status 1; not expected)
2021-02-07 12:57:40,799 INFO spawned: 'laravel-worker_00' with pid 20
2021-02-07 12:57:40,805 INFO spawned: 'laravel-worker_01' with pid 21
2021-02-07 12:57:40,810 INFO spawned: 'laravel-worker_02' with pid 22
2021-02-07 12:57:40,813 INFO spawned: 'laravel-worker_03' with pid 23
2021-02-07 12:57:40,816 INFO spawned: 'laravel-worker_04' with pid 24
2021-02-07 12:57:40,837 INFO exited: laravel-worker_01 (exit status 1; not expected)
2021-02-07 12:57:40,838 INFO exited: laravel-worker_02 (exit status 1; not expected)
2021-02-07 12:57:40,840 INFO exited: laravel-worker_00 (exit status 1; not expected)
2021-02-07 12:57:40,840 INFO exited: laravel-worker_03 (exit status 1; not expected)
2021-02-07 12:57:40,841 INFO exited: laravel-worker_04 (exit status 1; not expected)
2021-02-07 12:57:43,761 WARN received SIGTERM indicating exit request
2021-02-07 12:59:18,173 CRIT Supervisor is running as root.  Privileges were not dropped because no user is specified in the config file.  If you intend to run as root, you can set user=root in the config file to avoid this message.
2021-02-07 12:59:18,176 INFO supervisord started with pid 1
2021-02-07 12:59:19,178 INFO spawned: 'laravel-worker_00' with pid 9
2021-02-07 12:59:19,193 INFO exited: laravel-worker_00 (exit status 1; not expected)
2021-02-07 12:59:20,196 INFO spawned: 'laravel-worker_00' with pid 10
2021-02-07 12:59:20,213 INFO exited: laravel-worker_00 (exit status 1; not expected)
2021-02-07 12:59:22,217 INFO spawned: 'laravel-worker_00' with pid 11
2021-02-07 12:59:22,246 INFO exited: laravel-worker_00 (exit status 1; not expected)
2021-02-07 12:59:25,250 INFO spawned: 'laravel-worker_00' with pid 12
2021-02-07 12:59:25,265 INFO exited: laravel-worker_00 (exit status 1; not expected)
2021-02-07 12:59:26,266 INFO gave up: laravel-worker_00 entered FATAL state, too many start retries too quickly
2021-02-07 12:59:27,909 WARN received SIGTERM indicating exit request
2021-02-07 13:00:07,650 CRIT Supervisor is running as root.  Privileges were not dropped because no user is specified in the config file.  If you intend to run as root, you can set user=root in the config file to avoid this message.
2021-02-07 13:00:07,654 INFO supervisord started with pid 1
2021-02-07 13:00:08,656 INFO spawned: 'laravel-worker_00' with pid 9
2021-02-07 13:00:08,671 INFO exited: laravel-worker_00 (exit status 1; not expected)
2021-02-07 13:00:09,673 INFO spawned: 'laravel-worker_00' with pid 10
2021-02-07 13:00:09,688 INFO exited: laravel-worker_00 (exit status 1; not expected)
2021-02-07 13:00:11,692 INFO spawned: 'laravel-worker_00' with pid 11
2021-02-07 13:00:11,706 INFO exited: laravel-worker_00 (exit status 1; not expected)
2021-02-07 13:00:14,710 INFO spawned: 'laravel-worker_00' with pid 12
2021-02-07 13:00:14,735 INFO exited: laravel-worker_00 (exit status 1; not expected)
2021-02-07 13:00:15,737 INFO gave up: laravel-worker_00 entered FATAL state, too many start retries too quickly
2021-02-07 13:00:43,208 WARN received SIGTERM indicating exit request
2021-02-07 13:00:46,605 CRIT Supervisor is running as root.  Privileges were not dropped because no user is specified in the config file.  If you intend to run as root, you can set user=root in the config file to avoid this message.
2021-02-07 13:00:46,610 INFO supervisord started with pid 1
2021-02-07 13:00:47,612 INFO spawned: 'laravel-worker_00' with pid 10
2021-02-07 13:00:47,632 INFO success: laravel-worker_00 entered RUNNING state, process has stayed up for > than 0 seconds (startsecs)
2021-02-07 13:00:47,633 INFO exited: laravel-worker_00 (exit status 1; not expected)
2021-02-07 13:00:48,635 INFO spawned: 'laravel-worker_00' with pid 11
2021-02-07 13:00:48,650 INFO success: laravel-worker_00 entered RUNNING state, process has stayed up for > than 0 seconds (startsecs)
2021-02-07 13:00:48,651 INFO exited: laravel-worker_00 (exit status 1; not expected)
2021-02-07 13:00:49,654 INFO spawned: 'laravel-worker_00' with pid 12
2021-02-07 13:00:49,682 INFO success: laravel-worker_00 entered RUNNING state, process has stayed up for > than 0 seconds (startsecs)
2021-02-07 13:00:49,684 INFO exited: laravel-worker_00 (exit status 1; not expected)
2021-02-07 13:00:50,688 INFO spawned: 'laravel-worker_00' with pid 13
2021-02-07 13:00:50,716 INFO success: laravel-worker_00 entered RUNNING state, process has stayed up for > than 0 seconds (startsecs)
2021-02-07 13:00:50,718 INFO exited: laravel-worker_00 (exit status 1; not expected)
2021-02-07 13:00:51,720 INFO spawned: 'laravel-worker_00' with pid 14
2021-02-07 13:00:51,734 INFO success: laravel-worker_00 entered RUNNING state, process has stayed up for > than 0 seconds (startsecs)
2021-02-07 13:00:51,735 INFO exited: laravel-worker_00 (exit status 1; not expected)
2021-02-07 13:00:52,737 INFO spawned: 'laravel-worker_00' with pid 15
2021-02-07 13:00:52,750 INFO success: laravel-worker_00 entered RUNNING state, process has stayed up for > than 0 seconds (startsecs)
2021-02-07 13:00:52,752 INFO exited: laravel-worker_00 (exit status 1; not expected)
2021-02-07 13:00:53,756 INFO spawned: 'laravel-worker_00' with pid 16
2021-02-07 13:00:53,784 INFO success: laravel-worker_00 entered RUNNING state, process has stayed up for > than 0 seconds (startsecs)
2021-02-07 13:00:53,786 INFO exited: laravel-worker_00 (exit status 1; not expected)
2021-02-07 13:00:54,788 INFO spawned: 'laravel-worker_00' with pid 17
2021-02-07 13:00:54,802 INFO success: laravel-worker_00 entered RUNNING state, process has stayed up for > than 0 seconds (startsecs)
2021-02-07 13:00:54,804 INFO exited: laravel-worker_00 (exit status 1; not expected)
2021-02-07 13:00:55,806 INFO spawned: 'laravel-worker_00' with pid 18
2021-02-07 13:00:55,821 INFO success: laravel-worker_00 entered RUNNING state, process has stayed up for > than 0 seconds (startsecs)
2021-02-07 13:00:55,822 INFO exited: laravel-worker_00 (exit status 1; not expected)
2021-02-07 13:00:56,825 INFO spawned: 'laravel-worker_00' with pid 19
2021-02-07 13:00:56,841 INFO success: laravel-worker_00 entered RUNNING state, process has stayed up for > than 0 seconds (startsecs)
2021-02-07 13:00:56,843 INFO exited: laravel-worker_00 (exit status 1; not expected)
2021-02-07 13:00:57,846 INFO spawned: 'laravel-worker_00' with pid 20
2021-02-07 13:00:57,862 INFO success: laravel-worker_00 entered RUNNING state, process has stayed up for > than 0 seconds (startsecs)
2021-02-07 13:00:57,863 INFO exited: laravel-worker_00 (exit status 1; not expected)
2021-02-07 13:00:58,866 INFO spawned: 'laravel-worker_00' with pid 21
2021-02-07 13:00:58,891 INFO success: laravel-worker_00 entered RUNNING state, process has stayed up for > than 0 seconds (startsecs)
2021-02-07 13:00:58,893 INFO exited: laravel-worker_00 (exit status 1; not expected)
2021-02-07 13:00:59,897 INFO spawned: 'laravel-worker_00' with pid 22
2021-02-07 13:00:59,929 INFO success: laravel-worker_00 entered RUNNING state, process has stayed up for > than 0 seconds (startsecs)
2021-02-07 13:00:59,931 INFO exited: laravel-worker_00 (exit status 1; not expected)
2021-02-07 13:01:00,934 INFO spawned: 'laravel-worker_00' with pid 23
2021-02-07 13:01:00,961 INFO success: laravel-worker_00 entered RUNNING state, process has stayed up for > than 0 seconds (startsecs)
2021-02-07 13:01:00,963 INFO exited: laravel-worker_00 (exit status 1; not expected)
2021-02-07 13:01:01,966 INFO spawned: 'laravel-worker_00' with pid 24
2021-02-07 13:01:01,993 INFO success: laravel-worker_00 entered RUNNING state, process has stayed up for > than 0 seconds (startsecs)
2021-02-07 13:01:01,995 INFO exited: laravel-worker_00 (exit status 1; not expected)
2021-02-07 13:01:02,998 INFO spawned: 'laravel-worker_00' with pid 25
2021-02-07 13:01:03,015 INFO success: laravel-worker_00 entered RUNNING state, process has stayed up for > than 0 seconds (startsecs)
2021-02-07 13:01:03,017 INFO exited: laravel-worker_00 (exit status 1; not expected)
2021-02-07 13:01:04,019 INFO spawned: 'laravel-worker_00' with pid 26
2021-02-07 13:01:04,033 INFO success: laravel-worker_00 entered RUNNING state, process has stayed up for > than 0 seconds (startsecs)
2021-02-07 13:01:04,034 INFO exited: laravel-worker_00 (exit status 1; not expected)
2021-02-07 13:01:05,036 INFO spawned: 'laravel-worker_00' with pid 27
2021-02-07 13:01:05,069 INFO success: laravel-worker_00 entered RUNNING state, process has stayed up for > than 0 seconds (startsecs)
2021-02-07 13:01:05,075 INFO exited: laravel-worker_00 (exit status 1; not expected)
2021-02-07 13:01:05,076 INFO spawned: 'laravel-worker_00' with pid 28
2021-02-07 13:01:05,092 INFO success: laravel-worker_00 entered RUNNING state, process has stayed up for > than 0 seconds (startsecs)
2021-02-07 13:01:05,094 INFO exited: laravel-worker_00 (exit status 1; not expected)
2021-02-07 13:01:06,096 INFO spawned: 'laravel-worker_00' with pid 29
2021-02-07 13:01:06,112 INFO success: laravel-worker_00 entered RUNNING state, process has stayed up for > than 0 seconds (startsecs)
2021-02-07 13:01:06,113 INFO exited: laravel-worker_00 (exit status 1; not expected)
2021-02-07 13:01:07,116 INFO spawned: 'laravel-worker_00' with pid 30
2021-02-07 13:01:07,129 INFO success: laravel-worker_00 entered RUNNING state, process has stayed up for > than 0 seconds (startsecs)
2021-02-07 13:01:07,130 INFO exited: laravel-worker_00 (exit status 1; not expected)
2021-02-07 13:01:08,132 INFO spawned: 'laravel-worker_00' with pid 31
2021-02-07 13:01:08,145 INFO success: laravel-worker_00 entered RUNNING state, process has stayed up for > than 0 seconds (startsecs)
2021-02-07 13:01:08,147 INFO exited: laravel-worker_00 (exit status 1; not expected)
2021-02-07 13:01:09,149 INFO spawned: 'laravel-worker_00' with pid 32
2021-02-07 13:01:09,163 INFO success: laravel-worker_00 entered RUNNING state, process has stayed up for > than 0 seconds (startsecs)
2021-02-07 13:01:09,164 INFO exited: laravel-worker_00 (exit status 1; not expected)
2021-02-07 13:01:10,169 INFO spawned: 'laravel-worker_00' with pid 33
2021-02-07 13:01:10,205 INFO success: laravel-worker_00 entered RUNNING state, process has stayed up for > than 0 seconds (startsecs)
2021-02-07 13:01:10,208 INFO exited: laravel-worker_00 (exit status 1; not expected)
2021-02-07 13:01:11,210 INFO spawned: 'laravel-worker_00' with pid 34
2021-02-07 13:01:11,223 INFO success: laravel-worker_00 entered RUNNING state, process has stayed up for > than 0 seconds (startsecs)
2021-02-07 13:01:11,225 INFO exited: laravel-worker_00 (exit status 1; not expected)
2021-02-07 13:01:12,229 INFO spawned: 'laravel-worker_00' with pid 35
2021-02-07 13:01:12,249 INFO success: laravel-worker_00 entered RUNNING state, process has stayed up for > than 0 seconds (startsecs)
2021-02-07 13:01:12,250 INFO exited: laravel-worker_00 (exit status 1; not expected)
2021-02-07 13:01:13,252 INFO spawned: 'laravel-worker_00' with pid 36
2021-02-07 13:01:13,266 INFO success: laravel-worker_00 entered RUNNING state, process has stayed up for > than 0 seconds (startsecs)
2021-02-07 13:01:13,267 INFO exited: laravel-worker_00 (exit status 1; not expected)
2021-02-07 13:01:14,269 INFO spawned: 'laravel-worker_00' with pid 37
2021-02-07 13:01:14,283 INFO success: laravel-worker_00 entered RUNNING state, process has stayed up for > than 0 seconds (startsecs)
2021-02-07 13:01:14,284 INFO exited: laravel-worker_00 (exit status 1; not expected)
2021-02-07 13:01:15,286 INFO spawned: 'laravel-worker_00' with pid 38
2021-02-07 13:01:15,300 INFO success: laravel-worker_00 entered RUNNING state, process has stayed up for > than 0 seconds (startsecs)
2021-02-07 13:01:15,301 INFO exited: laravel-worker_00 (exit status 1; not expected)
2021-02-07 13:01:16,304 INFO spawned: 'laravel-worker_00' with pid 39
2021-02-07 13:01:16,327 INFO success: laravel-worker_00 entered RUNNING state, process has stayed up for > than 0 seconds (startsecs)
2021-02-07 13:01:16,328 INFO exited: laravel-worker_00 (exit status 1; not expected)
2021-02-07 13:01:17,331 INFO spawned: 'laravel-worker_00' with pid 40
2021-02-07 13:01:17,347 INFO success: laravel-worker_00 entered RUNNING state, process has stayed up for > than 0 seconds (startsecs)
2021-02-07 13:01:17,349 INFO exited: laravel-worker_00 (exit status 1; not expected)
2021-02-07 13:01:18,350 INFO spawned: 'laravel-worker_00' with pid 41
2021-02-07 13:01:18,363 INFO success: laravel-worker_00 entered RUNNING state, process has stayed up for > than 0 seconds (startsecs)
2021-02-07 13:01:18,365 INFO exited: laravel-worker_00 (exit status 1; not expected)
2021-02-07 13:01:19,367 INFO spawned: 'laravel-worker_00' with pid 42
2021-02-07 13:01:19,381 INFO success: laravel-worker_00 entered RUNNING state, process has stayed up for > than 0 seconds (startsecs)
2021-02-07 13:01:19,383 INFO exited: laravel-worker_00 (exit status 1; not expected)
2021-02-07 13:01:20,386 INFO spawned: 'laravel-worker_00' with pid 43
2021-02-07 13:01:20,402 INFO success: laravel-worker_00 entered RUNNING state, process has stayed up for > than 0 seconds (startsecs)
2021-02-07 13:01:20,403 INFO exited: laravel-worker_00 (exit status 1; not expected)
2021-02-07 13:01:21,409 INFO spawned: 'laravel-worker_00' with pid 44
2021-02-07 13:01:21,438 INFO success: laravel-worker_00 entered RUNNING state, process has stayed up for > than 0 seconds (startsecs)
2021-02-07 13:01:21,440 INFO exited: laravel-worker_00 (exit status 1; not expected)
2021-02-07 13:01:22,442 INFO spawned: 'laravel-worker_00' with pid 45
2021-02-07 13:01:22,456 INFO success: laravel-worker_00 entered RUNNING state, process has stayed up for > than 0 seconds (startsecs)
2021-02-07 13:01:22,458 INFO exited: laravel-worker_00 (exit status 1; not expected)
2021-02-07 13:01:23,461 INFO spawned: 'laravel-worker_00' with pid 46
2021-02-07 13:01:23,485 INFO success: laravel-worker_00 entered RUNNING state, process has stayed up for > than 0 seconds (startsecs)
2021-02-07 13:01:23,487 INFO exited: laravel-worker_00 (exit status 1; not expected)
2021-02-07 13:01:24,491 INFO spawned: 'laravel-worker_00' with pid 47
2021-02-07 13:01:24,518 INFO success: laravel-worker_00 entered RUNNING state, process has stayed up for > than 0 seconds (startsecs)
2021-02-07 13:01:24,520 INFO exited: laravel-worker_00 (exit status 1; not expected)
2021-02-07 13:01:25,524 INFO spawned: 'laravel-worker_00' with pid 48
2021-02-07 13:01:25,553 INFO success: laravel-worker_00 entered RUNNING state, process has stayed up for > than 0 seconds (startsecs)
2021-02-07 13:01:25,554 INFO exited: laravel-worker_00 (exit status 1; not expected)
2021-02-07 13:01:26,559 INFO spawned: 'laravel-worker_00' with pid 49
2021-02-07 13:01:26,588 INFO success: laravel-worker_00 entered RUNNING state, process has stayed up for > than 0 seconds (startsecs)
2021-02-07 13:01:26,590 INFO exited: laravel-worker_00 (exit status 1; not expected)
2021-02-07 13:01:27,593 INFO spawned: 'laravel-worker_00' with pid 50
2021-02-07 13:01:27,617 INFO success: laravel-worker_00 entered RUNNING state, process has stayed up for > than 0 seconds (startsecs)
2021-02-07 13:01:27,618 INFO exited: laravel-worker_00 (exit status 1; not expected)
2021-02-07 13:01:28,620 INFO spawned: 'laravel-worker_00' with pid 51
2021-02-07 13:01:28,634 INFO success: laravel-worker_00 entered RUNNING state, process has stayed up for > than 0 seconds (startsecs)
2021-02-07 13:01:28,636 INFO exited: laravel-worker_00 (exit status 1; not expected)
2021-02-07 13:01:29,505 INFO spawned: 'laravel-worker_00' with pid 52
2021-02-07 13:01:29,505 WARN received SIGTERM indicating exit request
2021-02-07 13:01:29,505 INFO waiting for laravel-worker_00 to die
2021-02-07 13:01:29,521 INFO stopped: laravel-worker_00 (exit status 1)
2021-02-07 13:01:36,945 CRIT Supervisor is running as root.  Privileges were not dropped because no user is specified in the config file.  If you intend to run as root, you can set user=root in the config file to avoid this message.
2021-02-07 13:01:36,948 INFO supervisord started with pid 1
2021-02-07 13:01:37,951 INFO spawned: 'laravel-worker_00' with pid 9
2021-02-07 13:01:37,970 INFO success: laravel-worker_00 entered RUNNING state, process has stayed up for > than 0 seconds (startsecs)
2021-02-07 13:01:37,972 INFO exited: laravel-worker_00 (exit status 1; not expected)
2021-02-07 13:01:38,974 INFO spawned: 'laravel-worker_00' with pid 10
2021-02-07 13:01:38,987 INFO success: laravel-worker_00 entered RUNNING state, process has stayed up for > than 0 seconds (startsecs)
2021-02-07 13:01:38,989 INFO exited: laravel-worker_00 (exit status 1; not expected)
2021-02-07 13:01:39,992 INFO spawned: 'laravel-worker_00' with pid 11
2021-02-07 13:01:40,021 INFO success: laravel-worker_00 entered RUNNING state, process has stayed up for > than 0 seconds (startsecs)
2021-02-07 13:01:40,022 INFO exited: laravel-worker_00 (exit status 1; not expected)
2021-02-07 13:01:41,026 INFO spawned: 'laravel-worker_00' with pid 12
2021-02-07 13:01:41,054 INFO success: laravel-worker_00 entered RUNNING state, process has stayed up for > than 0 seconds (startsecs)
2021-02-07 13:01:41,056 INFO exited: laravel-worker_00 (exit status 1; not expected)
2021-02-07 13:01:42,060 INFO spawned: 'laravel-worker_00' with pid 13
2021-02-07 13:01:42,086 INFO success: laravel-worker_00 entered RUNNING state, process has stayed up for > than 0 seconds (startsecs)
2021-02-07 13:01:42,088 INFO exited: laravel-worker_00 (exit status 1; not expected)
2021-02-07 13:01:43,092 INFO spawned: 'laravel-worker_00' with pid 14
2021-02-07 13:01:43,121 INFO success: laravel-worker_00 entered RUNNING state, process has stayed up for > than 0 seconds (startsecs)
2021-02-07 13:01:43,123 INFO exited: laravel-worker_00 (exit status 1; not expected)
2021-02-07 13:01:43,532 INFO spawned: 'laravel-worker_00' with pid 15
2021-02-07 13:01:43,532 WARN received SIGTERM indicating exit request
2021-02-07 13:01:43,534 INFO waiting for laravel-worker_00 to die
2021-02-07 13:01:43,548 INFO stopped: laravel-worker_00 (exit status 1)
2021-02-07 13:02:02,007 CRIT Supervisor is running as root.  Privileges were not dropped because no user is specified in the config file.  If you intend to run as root, you can set user=root in the config file to avoid this message.
2021-02-07 13:02:02,010 INFO supervisord started with pid 1
2021-02-07 13:02:03,013 INFO spawned: 'laravel-worker_00' with pid 9
2021-02-07 13:02:04,015 INFO success: laravel-worker_00 entered RUNNING state, process has stayed up for > than 1 seconds (startsecs)
